2024-01-17 05:55:05,078 - INFO - Email Subject: OnboardingSurveyViews
2024-01-17 05:55:05,078 - INFO - CSV File Path: temp_csv_files\OnboardingSurveyViews.csv
2024-01-17 05:55:05,088 - WARNING - No matching class found for subject: OnboardingSurveyViews
2024-01-17 05:55:05,088 - INFO - Email Subject: OnboardingSurveyNPS
2024-01-17 05:55:05,088 - INFO - CSV File Path: temp_csv_files\OnboardingSurveyNPS.csv
2024-01-17 05:55:05,088 - WARNING - No matching class found for subject: OnboardingSurveyNPS
2024-01-17 05:55:05,088 - INFO - Email Subject: OnboardingSurveyComment
2024-01-17 05:55:05,088 - INFO - CSV File Path: temp_csv_files\OnboardingSurveyComment.csv
2024-01-17 05:55:05,088 - WARNING - No matching class found for subject: OnboardingSurveyComment
2024-01-17 05:55:05,088 - INFO - Temp_csv_files folder emptied
2024-01-17 05:55:05,088 - INFO - All files processed
2024-01-17 10:56:56,397 - INFO - Email Subject: OnboardingSurveyViews
2024-01-17 10:56:56,398 - INFO - CSV File Path: temp_csv_files\OnboardingSurveyViews.csv
2024-01-17 10:56:56,398 - WARNING - No matching class found for subject: OnboardingSurveyViews
2024-01-17 10:56:56,398 - INFO - Email Subject: OnboardingSurveyNPS
2024-01-17 10:56:56,398 - INFO - CSV File Path: temp_csv_files\OnboardingSurveyNPS.csv
2024-01-17 10:56:56,398 - WARNING - No matching class found for subject: OnboardingSurveyNPS
2024-01-17 10:56:56,398 - INFO - Email Subject: OnboardingSurveyComment
2024-01-17 10:56:56,398 - INFO - CSV File Path: temp_csv_files\OnboardingSurveyComment.csv
2024-01-17 10:56:56,399 - WARNING - No matching class found for subject: OnboardingSurveyComment
2024-01-17 10:56:56,399 - INFO - Email Subject: OnboardingSurvey
2024-01-17 10:56:56,399 - INFO - CSV File Path: temp_csv_files\OnboardingSurvey.csv
2024-01-17 10:56:56,399 - WARNING - No matching class found for subject: OnboardingSurvey
2024-01-17 10:56:56,399 - INFO - Email Subject: dbo.ContinuousSatisfactionScore
2024-01-17 10:56:56,399 - INFO - CSV File Path: temp_csv_files\dbo.ContinuousSatisfactionScore.csv
2024-01-17 11:00:27,461 - INFO - Email Subject: OnboardingSurveyViews
2024-01-17 11:00:27,461 - INFO - CSV File Path: temp_csv_files\OnboardingSurveyViews.csv
2024-01-17 11:00:27,461 - WARNING - No matching class found for subject: OnboardingSurveyViews
2024-01-17 11:00:27,461 - INFO - Email Subject: OnboardingSurveyNPS
2024-01-17 11:00:27,461 - INFO - CSV File Path: temp_csv_files\OnboardingSurveyNPS.csv
2024-01-17 11:00:27,461 - WARNING - No matching class found for subject: OnboardingSurveyNPS
2024-01-17 11:00:27,461 - INFO - Email Subject: OnboardingSurveyComment
2024-01-17 11:00:27,461 - INFO - CSV File Path: temp_csv_files\OnboardingSurveyComment.csv
2024-01-17 11:00:27,461 - WARNING - No matching class found for subject: OnboardingSurveyComment
2024-01-17 11:00:27,461 - INFO - Email Subject: OnboardingSurvey
2024-01-17 11:00:27,461 - INFO - CSV File Path: temp_csv_files\OnboardingSurvey.csv
2024-01-17 11:00:27,461 - WARNING - No matching class found for subject: OnboardingSurvey
2024-01-17 11:00:27,461 - INFO - Email Subject: dbo.ContinuousSatisfactionScore
2024-01-17 11:00:27,461 - INFO - CSV File Path: temp_csv_files\dbo.ContinuousSatisfactionScore.csv
2024-01-17 11:00:30,454 - INFO - Temp_csv_files folder emptied
2024-01-17 11:00:30,454 - INFO - All files processed
2024-01-17 11:50:58,551 - INFO - Email Subject: OnboardingSurveyViews
2024-01-17 11:50:58,551 - INFO - CSV File Path: temp_csv_files\OnboardingSurveyViews.csv
2024-01-17 11:50:58,551 - WARNING - No matching class found for subject: OnboardingSurveyViews
2024-01-17 11:50:58,551 - INFO - Email Subject: OnboardingSurveyNPS
2024-01-17 11:50:58,551 - INFO - CSV File Path: temp_csv_files\OnboardingSurveyNPS.csv
2024-01-17 11:50:58,551 - WARNING - No matching class found for subject: OnboardingSurveyNPS
2024-01-17 11:50:58,561 - INFO - Email Subject: OnboardingSurveyComment
2024-01-17 11:50:58,561 - INFO - CSV File Path: temp_csv_files\OnboardingSurveyComment.csv
2024-01-17 11:50:58,561 - WARNING - No matching class found for subject: OnboardingSurveyComment
2024-01-17 11:50:58,561 - INFO - Email Subject: OnboardingSurvey
2024-01-17 11:50:58,561 - INFO - CSV File Path: temp_csv_files\OnboardingSurvey.csv
2024-01-17 11:54:58,913 - INFO - Email Subject: OnboardingSurveyViews
2024-01-17 11:54:58,913 - INFO - CSV File Path: temp_csv_files\OnboardingSurveyViews.csv
2024-01-17 11:54:58,914 - WARNING - No matching class found for subject: OnboardingSurveyViews
2024-01-17 11:54:58,914 - INFO - Email Subject: OnboardingSurveyNPS
2024-01-17 11:54:58,914 - INFO - CSV File Path: temp_csv_files\OnboardingSurveyNPS.csv
2024-01-17 11:54:58,914 - WARNING - No matching class found for subject: OnboardingSurveyNPS
2024-01-17 11:54:58,914 - INFO - Email Subject: OnboardingSurveyComment
2024-01-17 11:54:58,914 - INFO - CSV File Path: temp_csv_files\OnboardingSurveyComment.csv
2024-01-17 11:54:58,914 - WARNING - No matching class found for subject: OnboardingSurveyComment
2024-01-17 11:54:58,914 - INFO - Email Subject: OnboardingSurvey
2024-01-17 11:54:58,915 - INFO - CSV File Path: temp_csv_files\OnboardingSurvey.csv
2024-01-17 11:54:59,501 - INFO - Email Subject: dbo.ContinuousSatisfactionScore
2024-01-17 11:54:59,502 - INFO - CSV File Path: temp_csv_files\dbo.ContinuousSatisfactionScore.csv
2024-01-17 11:54:59,502 - WARNING - No matching class found for subject: dbo.ContinuousSatisfactionScore
2024-01-17 11:54:59,503 - INFO - Temp_csv_files folder emptied
2024-01-17 11:54:59,504 - INFO - All files processed
2024-01-17 13:01:41,483 - INFO - Email Subject: OnboardingSurveyViews
2024-01-17 13:01:41,483 - INFO - CSV File Path: temp_csv_files\OnboardingSurveyViews.csv
2024-01-17 13:01:41,484 - WARNING - No matching class found for subject: OnboardingSurveyViews
2024-01-17 13:01:41,484 - INFO - Email Subject: OnboardingSurveyNPS
2024-01-17 13:01:41,484 - INFO - CSV File Path: temp_csv_files\OnboardingSurveyNPS.csv
2024-01-17 13:01:41,485 - WARNING - No matching class found for subject: OnboardingSurveyNPS
2024-01-17 13:01:41,485 - INFO - Email Subject: OnboardingSurveyComment
2024-01-17 13:01:41,485 - INFO - CSV File Path: temp_csv_files\OnboardingSurveyComment.csv
2024-01-17 13:01:41,826 - INFO - Email Subject: OnboardingSurvey
2024-01-17 13:01:41,827 - INFO - CSV File Path: temp_csv_files\OnboardingSurvey.csv
2024-01-17 13:01:41,827 - WARNING - No matching class found for subject: OnboardingSurvey
2024-01-17 13:01:41,827 - INFO - Email Subject: dbo.ContinuousSatisfactionScore
2024-01-17 13:01:41,827 - INFO - CSV File Path: temp_csv_files\dbo.ContinuousSatisfactionScore.csv
2024-01-17 13:01:41,828 - WARNING - No matching class found for subject: dbo.ContinuousSatisfactionScore
2024-01-17 13:01:41,829 - INFO - Temp_csv_files folder emptied
2024-01-17 13:01:41,829 - INFO - All files processed
2024-01-17 13:26:06,070 - INFO - Email Subject: OnboardingSurveyViews
2024-01-17 13:26:06,070 - INFO - CSV File Path: temp_csv_files\OnboardingSurveyViews.csv
2024-01-17 13:26:06,071 - WARNING - No matching class found for subject: OnboardingSurveyViews
2024-01-17 13:26:06,071 - INFO - Email Subject: OnboardingSurveyNPS
2024-01-17 13:26:06,071 - INFO - CSV File Path: temp_csv_files\OnboardingSurveyNPS.csv
2024-01-17 13:26:06,320 - INFO - Email Subject: OnboardingSurveyComment
2024-01-17 13:26:06,321 - INFO - CSV File Path: temp_csv_files\OnboardingSurveyComment.csv
2024-01-17 13:26:06,321 - WARNING - No matching class found for subject: OnboardingSurveyComment
2024-01-17 13:26:06,321 - INFO - Email Subject: OnboardingSurvey
2024-01-17 13:26:06,321 - INFO - CSV File Path: temp_csv_files\OnboardingSurvey.csv
2024-01-17 13:26:06,321 - WARNING - No matching class found for subject: OnboardingSurvey
2024-01-17 13:26:06,322 - INFO - Email Subject: dbo.ContinuousSatisfactionScore
2024-01-17 13:26:06,322 - INFO - CSV File Path: temp_csv_files\dbo.ContinuousSatisfactionScore.csv
2024-01-17 13:26:06,322 - WARNING - No matching class found for subject: dbo.ContinuousSatisfactionScore
2024-01-17 13:26:06,323 - INFO - Temp_csv_files folder emptied
2024-01-17 13:26:06,324 - INFO - All files processed
